Traceback (most recent call last):
  File "/home/ubuntu/alpaco/anichat/tts/vits/train_ms.py", line 6, in <module>
    import torch
ModuleNotFoundError: No module named 'torch'
[INFO] {'train': {'log_interval': 1000, 'eval_interval': 1000, 'seed': 1234, 'epochs': 20000, 'learning_rate': 0.0002, 'betas': [0.8, 0.99], 'eps': 1e-09, 'batch_size': 16, 'fp16_run': True, 'lr_decay': 0.999875, 'segment_size': 8192, 'init_lr_ratio': 1, 'warmup_epochs': 0, 'c_mel': 45, 'c_kl': 1.0}, 'data': {'training_files': '/home/ubuntu/alpaco/anichat/tts/vits/filelists/conan_audio_text_train_filelist_ms.txt.cleaned', 'validation_files': '/home/ubuntu/alpaco/anichat/tts/vits/filelists/conan_audio_text_val_filelist_ms.txt.cleaned', 'text_cleaners': ['korean_cleaners'], 'max_wav_value': 32768.0, 'sampling_rate': 22050, 'filter_length': 1024, 'hop_length': 256, 'win_length': 1024, 'n_mel_channels': 80, 'mel_fmin': 0.0, 'mel_fmax': None, 'add_blank': True, 'n_speakers': 3, 'cleaned_text': True}, 'model': {'inter_channels': 192, 'hidden_channels': 192, 'filter_channels': 768, 'n_heads': 2, 'n_layers': 6, 'kernel_size': 3, 'p_dropout': 0.1, 'resblock': '1', 'resblock_kernel_sizes': [3, 7, 11], 'resblock_dilation_sizes': [[1, 3, 5], [1, 3, 5], [1, 3, 5]], 'upsample_rates': [8, 8, 2, 2], 'upsample_initial_channel': 512, 'upsample_kernel_sizes': [16, 16, 4, 4], 'n_layers_q': 3, 'use_spectral_norm': False, 'gin_channels': 256}, 'model_dir': './logs/conan_ms'}
[WARNING] /home/ubuntu/alpaco/anichat/tts/vits is not a git repository, therefore hash value comparison will be ignored.
[INFO] Loaded checkpoint './logs/conan_ms/G_97000.pth' (iteration 684)
[INFO] Loaded checkpoint './logs/conan_ms/D_97000.pth' (iteration 684)
./logs/conan_ms/G_97000.pth
./logs/conan_ms/D_97000.pth
/home/ubuntu/anaconda3/envs/alpaco/lib/python3.8/site-packages/torch/functional.py:606: UserWarning: stft will soon require the return_complex parameter be given for real inputs, and will further require that return_complex=True in a future PyTorch release. (Triggered internally at  /opt/conda/conda-bld/pytorch_1659484683044/work/aten/src/ATen/native/SpectralOps.cpp:800.)
  return _VF.stft(input, n_fft, hop_length, win_length, window,  # type: ignore[attr-defined]
/home/ubuntu/anaconda3/envs/alpaco/lib/python3.8/site-packages/torch/functional.py:606: UserWarning: ComplexHalf support is experimental and many operators don't support it yet. (Triggered internally at  /opt/conda/conda-bld/pytorch_1659484683044/work/aten/src/ATen/EmptyTensor.cpp:31.)
  return _VF.stft(input, n_fft, hop_length, win_length, window,  # type: ignore[attr-defined]
/home/ubuntu/anaconda3/envs/alpaco/lib/python3.8/site-packages/torch/autograd/__init__.py:173: UserWarning: Grad strides do not match bucket view strides. This may indicate grad was not created according to the gradient layout contract, or that the param's strides changed since DDP was constructed.  This is not an error, but may impair performance.
grad.sizes() = [1, 9, 96], strides() = [21600, 96, 1]
bucket_view.sizes() = [1, 9, 96], strides() = [864, 96, 1] (Triggered internally at  /opt/conda/conda-bld/pytorch_1659484683044/work/torch/csrc/distributed/c10d/reducer.cpp:312.)
  Variable._execution_engine.run_backward(  # Calls into the C++ engine to run the backward pass
[INFO] Train Epoch: 684 [10%]
[INFO] [2.014658212661743, 3.3311638832092285, 10.041624069213867, 25.519123077392578, 1.3439254760742188, 1.3927425146102905, 97000, 0.00018347198315319814]
[INFO] Saving model and optimizer state at iteration 684 to ./logs/conan_ms/G_97000.pth
[INFO] Saving model and optimizer state at iteration 684 to ./logs/conan_ms/D_97000.pth
/home/ubuntu/anaconda3/envs/alpaco/lib/python3.8/multiprocessing/resource_tracker.py:216: UserWarning: resource_tracker: There appear to be 2 leaked semaphore objects to clean up at shutdown
  warnings.warn('resource_tracker: There appear to be %d '
